e:\code\git_code\ffmpeg_sdl_mfc\client_demo\x64\debug\client_demo.pch
e:\code\git_code\ffmpeg_sdl_mfc\client_demo\x64\debug\vc142.pdb
e:\code\git_code\ffmpeg_sdl_mfc\client_demo\x64\debug\vc142.idb
e:\code\git_code\ffmpeg_sdl_mfc\client_demo\x64\debug\pch.obj
e:\code\git_code\ffmpeg_sdl_mfc\client_demo\x64\debug\videodecode.obj
e:\code\git_code\ffmpeg_sdl_mfc\client_demo\x64\debug\udpserver.obj
e:\code\git_code\ffmpeg_sdl_mfc\client_demo\x64\debug\client_demodlg.obj
e:\code\git_code\ffmpeg_sdl_mfc\client_demo\x64\debug\client_demo.obj
e:\code\git_code\ffmpeg_sdl_mfc\x64\debug\client_demo.ilk
e:\code\git_code\ffmpeg_sdl_mfc\x64\debug\client_demo.exe
e:\code\git_code\ffmpeg_sdl_mfc\x64\debug\client_demo.pdb
e:\code\git_code\ffmpeg_sdl_mfc\client_demo\x64\debug\clientdemo.res
e:\code\git_code\ffmpeg_sdl_mfc\client_demo\x64\debug\client_demo.tlog\cl.command.1.tlog
e:\code\git_code\ffmpeg_sdl_mfc\client_demo\x64\debug\client_demo.tlog\cl.read.1.tlog
e:\code\git_code\ffmpeg_sdl_mfc\client_demo\x64\debug\client_demo.tlog\cl.write.1.tlog
e:\code\git_code\ffmpeg_sdl_mfc\client_demo\x64\debug\client_demo.tlog\link.command.1.tlog
e:\code\git_code\ffmpeg_sdl_mfc\client_demo\x64\debug\client_demo.tlog\link.read.1.tlog
e:\code\git_code\ffmpeg_sdl_mfc\client_demo\x64\debug\client_demo.tlog\link.write.1.tlog
e:\code\git_code\ffmpeg_sdl_mfc\client_demo\x64\debug\client_demo.tlog\rc.command.1.tlog
e:\code\git_code\ffmpeg_sdl_mfc\client_demo\x64\debug\client_demo.tlog\rc.read.1.tlog
e:\code\git_code\ffmpeg_sdl_mfc\client_demo\x64\debug\client_demo.tlog\rc.write.1.tlog
